# JRE version: OpenJDK Runtime Environment (11.0.10) (build 11.0.10+0-b96-7249189)
# Java VM: OpenJDK 64-Bit Server VM (11.0.10+0-b96-7249189, mixed mode, tiered, compressed oops, g1 gc, windows-amd64)
Heap:
 garbage-first heap   total 654336K, used 173180K [0x0000000080000000, 0x0000000100000000)
  region size 1024K, 8 young (8192K), 8 survivors (8192K)
 Metaspace       used 149844K, capacity 153799K, committed 161136K, reserved 1189888K
  class space    used 17678K, capacity 19092K, committed 21068K, reserved 1048576K
GC Heap History (20 events):
Event: 3685.477 GC heap after
{Heap after GC invocations=252 (full 0):
 garbage-first heap   total 304128K, used 167567K [0x0000000080000000, 0x0000000100000000)
  region size 1024K, 2 young (2048K), 2 survivors (2048K)
 Metaspace       used 149770K, capacity 153726K, committed 161136K, reserved 1189888K
  class space    used 17677K, capacity 19092K, committed 21068K, reserved 1048576K
}
Event: 3685.932 GC heap before
{Heap before GC invocations=252 (full 0):
 garbage-first heap   total 304128K, used 179855K [0x0000000080000000, 0x0000000100000000)
  region size 1024K, 14 young (14336K), 2 survivors (2048K)
 Metaspace       used 149770K, capacity 153726K, committed 161136K, reserved 1189888K
  class space    used 17677K, capacity 19092K, committed 21068K, reserved 1048576K
}
Event: 3686.244 GC heap after
{Heap after GC invocations=253 (full 0):
 garbage-first heap   total 304128K, used 172032K [0x0000000080000000, 0x0000000100000000)
  region size 1024K, 2 young (2048K), 2 survivors (2048K)
 Metaspace       used 149770K, capacity 153726K, committed 161136K, reserved 1189888K
  class space    used 17677K, capacity 19092K, committed 21068K, reserved 1048576K
}
Event: 3687.077 GC heap before
{Heap before GC invocations=253 (full 0):
 garbage-first heap   total 304128K, used 184320K [0x0000000080000000, 0x0000000100000000)
  region size 1024K, 14 young (14336K), 2 survivors (2048K)
 Metaspace       used 149772K, capacity 153726K, committed 161136K, reserved 1189888K
  class space    used 17677K, capacity 19092K, committed 21068K, reserved 1048576K
}
Event: 3687.105 GC heap after
{Heap after GC invocations=254 (full 0):
 garbage-first heap   total 304128K, used 174678K [0x0000000080000000, 0x0000000100000000)
  region size 1024K, 2 young (2048K), 2 survivors (2048K)
 Metaspace       used 149772K, capacity 153726K, committed 161136K, reserved 1189888K
  class space    used 17677K, capacity 19092K, committed 21068K, reserved 1048576K
}
Event: 3687.743 GC heap before
{Heap before GC invocations=254 (full 0):
 garbage-first heap   total 304128K, used 202326K [0x0000000080000000, 0x0000000100000000)
  region size 1024K, 29 young (29696K), 2 survivors (2048K)
 Metaspace       used 149772K, capacity 153726K, committed 161136K, reserved 1189888K
  class space    used 17677K, capacity 19092K, committed 21068K, reserved 1048576K
}
Event: 3687.754 GC heap after
{Heap after GC invocations=255 (full 0):
 garbage-first heap   total 304128K, used 175891K [0x0000000080000000, 0x0000000100000000)
  region size 1024K, 4 young (4096K), 4 survivors (4096K)
 Metaspace       used 149772K, capacity 153726K, committed 161136K, reserved 1189888K
  class space    used 17677K, capacity 19092K, committed 21068K, reserved 1048576K
}
Event: 3688.295 GC heap before
{Heap before GC invocations=256 (full 0):
 garbage-first heap   total 304128K, used 204563K [0x0000000080000000, 0x0000000100000000)
  region size 1024K, 33 young (33792K), 4 survivors (4096K)
 Metaspace       used 149776K, capacity 153726K, committed 161136K, reserved 1189888K
  class space    used 17677K, capacity 19092K, committed 21068K, reserved 1048576K
}
Event: 3688.312 GC heap after
{Heap after GC invocations=257 (full 0):
 garbage-first heap   total 304128K, used 174877K [0x0000000080000000, 0x0000000100000000)
  region size 1024K, 2 young (2048K), 2 survivors (2048K)
 Metaspace       used 149776K, capacity 153726K, committed 161136K, reserved 1189888K
  class space    used 17677K, capacity 19092K, committed 21068K, reserved 1048576K
}
Event: 3688.499 GC heap before
{Heap before GC invocations=257 (full 0):
 garbage-first heap   total 304128K, used 187165K [0x0000000080000000, 0x0000000100000000)
  region size 1024K, 14 young (14336K), 2 survivors (2048K)
 Metaspace       used 149777K, capacity 153726K, committed 161136K, reserved 1189888K
  class space    used 17677K, capacity 19092K, committed 21068K, reserved 1048576K
}
Event: 3688.530 GC heap after
{Heap after GC invocations=258 (full 0):
 garbage-first heap   total 304128K, used 164189K [0x0000000080000000, 0x0000000100000000)
  region size 1024K, 1 young (1024K), 1 survivors (1024K)
 Metaspace       used 149777K, capacity 153726K, committed 161136K, reserved 1189888K
  class space    used 17677K, capacity 19092K, committed 21068K, reserved 1048576K
}
Event: 3688.867 GC heap before
{Heap before GC invocations=258 (full 0):
 garbage-first heap   total 304128K, used 177501K [0x0000000080000000, 0x0000000100000000)
  region size 1024K, 14 young (14336K), 1 survivors (1024K)
 Metaspace       used 149811K, capacity 153726K, committed 161136K, reserved 1189888K
  class space    used 17677K, capacity 19092K, committed 21068K, reserved 1048576K
}
Event: 3688.887 GC heap after
{Heap after GC invocations=259 (full 0):
 garbage-first heap   total 304128K, used 163137K [0x0000000080000000, 0x0000000100000000)
  region size 1024K, 1 young (1024K), 1 survivors (1024K)
 Metaspace       used 149811K, capacity 153726K, committed 161136K, reserved 1189888K
  class space    used 17677K, capacity 19092K, committed 21068K, reserved 1048576K
}
Event: 3689.592 GC heap before
{Heap before GC invocations=259 (full 0):
 garbage-first heap   total 304128K, used 186689K [0x0000000080000000, 0x0000000100000000)
  region size 1024K, 26 young (26624K), 1 survivors (1024K)
 Metaspace       used 149815K, capacity 153790K, committed 161136K, reserved 1189888K
  class space    used 17677K, capacity 19092K, committed 21068K, reserved 1048576K
}
Event: 3689.600 GC heap after
{Heap after GC invocations=260 (full 0):
 garbage-first heap   total 304128K, used 166916K [0x0000000080000000, 0x0000000100000000)
  region size 1024K, 5 young (5120K), 5 survivors (5120K)
 Metaspace       used 149815K, capacity 153790K, committed 161136K, reserved 1189888K
  class space    used 17677K, capacity 19092K, committed 21068K, reserved 1048576K
}
Event: 3692.360 GC heap before
{Heap before GC invocations=261 (full 0):
 garbage-first heap   total 304128K, used 212996K [0x0000000080000000, 0x0000000100000000)
  region size 1024K, 49 young (50176K), 5 survivors (5120K)
 Metaspace       used 149821K, capacity 153790K, committed 161136K, reserved 1189888K
  class space    used 17678K, capacity 19092K, committed 21068K, reserved 1048576K
}
Event: 3692.371 GC heap after
{Heap after GC invocations=262 (full 0):
 garbage-first heap   total 304128K, used 166942K [0x0000000080000000, 0x0000000100000000)
  region size 1024K, 4 young (4096K), 4 survivors (4096K)
 Metaspace       used 149821K, capacity 153790K, committed 161136K, reserved 1189888K
  class space    used 17678K, capacity 19092K, committed 21068K, reserved 1048576K
}
Event: 3692.412 GC heap before
{Heap before GC invocations=262 (full 0):
 garbage-first heap   total 304128K, used 177182K [0x0000000080000000, 0x0000000100000000)
  region size 1024K, 14 young (14336K), 4 survivors (4096K)
 Metaspace       used 149821K, capacity 153790K, committed 161136K, reserved 1189888K
  class space    used 17678K, capacity 19092K, committed 21068K, reserved 1048576K
}
Event: 3692.431 GC heap after
{Heap after GC invocations=263 (full 0):
 garbage-first heap   total 304128K, used 167481K [0x0000000080000000, 0x0000000100000000)
  region size 1024K, 2 young (2048K), 2 survivors (2048K)
 Metaspace       used 149821K, capacity 153790K, committed 161136K, reserved 1189888K
  class space    used 17678K, capacity 19092K, committed 21068K, reserved 1048576K
}
Event: 3692.634 GC heap before
{Heap before GC invocations=263 (full 0):
 garbage-first heap   total 304128K, used 191033K [0x0000000080000000, 0x0000000100000000)
  region size 1024K, 27 young (27648K), 2 survivors (2048K)
 Metaspace       used 149844K, capacity 153799K, committed 161136K, reserved 1189888K
  class space    used 17678K, capacity 19092K, committed 21068K, reserved 1048576K
}

